<?xml version="1.0" encoding="UTF-8"?>
<!-- Generated by org.testng.reporters.JUnitReportReporter -->
<testsuite hostname="LAPTOP-5S708LT8" failures="0" tests="1" name="tests.LoginTest" time="149.800" errors="0" timestamp="2022-04-01T12:10:10 IST" skipped="0">
  <testcase classname="tests.LoginTest" name="login" time="149.800"/>
  <system-out/>
</testsuite> <!-- tests.LoginTest -->
