<?xml version="1.0" encoding="UTF-8"?>
<!-- Generated by org.testng.reporters.JUnitReportReporter -->
<testsuite hostname="LAPTOP-5S708LT8" failures="0" tests="1" name="tests.FourTest" time="146.698" errors="0" timestamp="2022-04-01T12:10:09 IST" skipped="0">
  <testcase classname="tests.FourTest" name="testFour" time="146.698"/>
  <system-out/>
</testsuite> <!-- tests.FourTest -->
