<?xml version="1.0" encoding="UTF-8"?>
<!-- Generated by org.testng.reporters.JUnitReportReporter -->
<testsuite hostname="LAPTOP-5S708LT8" failures="0" tests="2" name="tests.LoginTest" time="161.655" errors="0" timestamp="2022-03-31T16:25:51 IST" skipped="0">
  <testcase classname="tests.LoginTest" name="login" time="50.873"/>
  <system-out/>
  <testcase classname="tests.LoginTest" name="login" time="110.782"/>
  <system-out/>
</testsuite> <!-- tests.LoginTest -->
