<?xml version="1.0" encoding="UTF-8"?>
<!-- Generated by org.testng.reporters.JUnitReportReporter -->
<testsuite hostname="LAPTOP-5S708LT8" failures="0" tests="1" name="tests.FourTest" time="0.011" errors="0" timestamp="2022-03-31T16:25:51 IST" skipped="0">
  <testcase classname="tests.FourTest" name="testFour" time="0.011"/>
  <system-out/>
</testsuite> <!-- tests.FourTest -->
